#
# A fatal error has been detected by the Java Runtime Environment:
#
#  EXCEPTION_ACCESS_VIOLATION (0xc0000005) at pc=0x0000000053b23c3f, pid=107472, tid=108396
#
# JRE version: Java(TM) SE Runtime Environment (8.0_40-b25) (build 1.8.0_40-b25)
# Java VM: Java HotSpot(TM) 64-Bit Server VM (25.40-b25 mixed mode windows-amd64 compressed oops)
# Problematic frame:
# V  [jvm.dll+0x1e3c3f]
#
# Failed to write core dump. Minidumps are not enabled by default on client versions of Windows
#
# If you would like to submit a bug report, please visit:
#   http://bugreport.java.com/bugreport/crash.jsp
#

---------------  T H R E A D  ---------------

Current thread (0x0000000024939800):  JavaThread "http-nio-10010-exec-1" daemon [_thread_in_vm, id=108396, stack(0x00000000274e0000,0x00000000275e0000)]

siginfo: ExceptionCode=0xc0000005, reading address 0x0000000029460000

Registers:
RAX=0x0000000024939800, RBX=0x0000000024939800, RCX=0x0000000000000005, RDX=0x00000000275dc530
RSP=0x00000000275dc450, RBP=0x00000000275dc500, RSI=0x00000000f80055f8, RDI=0x0000000029460000
R8 =0x0000000029460000, R9 =0x000000002266a8d0, R10=0x00000000030ad960, R11=0x0000000053b67c30
R12=0x0000000000000000, R13=0x000000001c5df190, R14=0x00000000275dc530, R15=0x0000000024939800
RIP=0x0000000053b23c3f, EFLAGS=0x0000000000010246

Top of Stack: (sp=0x00000000275dc450)
0x00000000275dc450:   00000000275dc4c0 00000000030ad511
0x00000000275dc460:   00000000030956d0 0000000000000000
0x00000000275dc470:   0000000003097560 00000000030ad98c
0x00000000275dc480:   000000001c5df190 00000000275dc500
0x00000000275dc490:   00000000f80055f8 000000001c5df190
0x00000000275dc4a0:   0000000003097560 000000001c989578
0x00000000275dc4b0:   0000000003097560 00000000030ad511
0x00000000275dc4c0:   00000000275dc4c0 000000001c5df190
0x00000000275dc4d0:   00000000275dc530 000000001c60cc80
0x00000000275dc4e0:   0000000000000000 000000001c5df190
0x00000000275dc4f0:   0000000000000000 00000000275dc520
0x00000000275dc500:   00000000275dc578 0000000003097560
0x00000000275dc510:   0000000000000000 00000000030a42ee
0x00000000275dc520:   0000000029460000 000000077a5f9240
0x00000000275dc530:   00000006c2415d28 00000000275dc538
0x00000000275dc540:   000000001c98960b 00000000275dc588 

Instructions: (pc=0x0000000053b23c3f)
0x0000000053b23c1f:   a4 05 00 c7 83 70 02 00 00 06 00 00 00 8b 0d e6
0x0000000053b23c2f:   e9 5b 00 ff 15 b8 c7 3e 00 c6 80 94 02 00 00 01
0x0000000053b23c3f:   0f b6 2f c6 80 94 02 00 00 00 48 8b 7b 48 48 8b
0x0000000053b23c4f:   47 10 48 8b 77 08 48 83 38 00 74 15 48 8b 57 28 


Register to memory mapping:

RAX=0x0000000024939800 is a thread
RBX=0x0000000024939800 is a thread
RCX=0x0000000000000005 is an unknown value
RDX=0x00000000275dc530 is pointing into the stack for thread: 0x0000000024939800
RSP=0x00000000275dc450 is pointing into the stack for thread: 0x0000000024939800
RBP=0x00000000275dc500 is pointing into the stack for thread: 0x0000000024939800
RSI=0x00000000f80055f8 is an unknown value
RDI=0x0000000029460000 is an unknown value
R8 =0x0000000029460000 is an unknown value
R9 =0x000000002266a8d0 is an unknown value
R10=0x00000000030ad960 is at code_begin+1632 in an Interpreter codelet
method entry point (kind = native)  [0x00000000030ad300, 0x00000000030ae320]  4128 bytes
R11=0x0000000053b67c30 is an unknown value
R12=0x0000000000000000 is an unknown value
R13={method} {0x000000001c5df198} 'getByte' '(J)B' in 'sun/misc/Unsafe'
R14=0x00000000275dc530 is pointing into the stack for thread: 0x0000000024939800
R15=0x0000000024939800 is a thread


Stack: [0x00000000274e0000,0x00000000275e0000],  sp=0x00000000275dc450,  free space=1009k
Native frames: (J=compiled Java code, j=interpreted, Vv=VM code, C=native code)
V  [jvm.dll+0x1e3c3f]
C  0x00000000030ad98c

Java frames: (J=compiled Java code, j=interpreted, Vv=VM code)
j  sun.misc.Unsafe.getByte(J)B+0
j  java.nio.DirectByteBuffer.get()B+11
j  org.bytedeco.javacv.Java2DFrameConverter.flipCopyWithGamma(Ljava/nio/ByteBuffer;ILjava/nio/ByteBuffer;IZDZI)V+492
j  org.bytedeco.javacv.Java2DFrameConverter.copy(Lorg/bytedeco/javacv/Frame;Ljava/awt/image/BufferedImage;DZLjava/awt/Rectangle;)V+251
j  org.bytedeco.javacv.Java2DFrameConverter.getBufferedImage(Lorg/bytedeco/javacv/Frame;DZLjava/awt/color/ColorSpace;)Ljava/awt/image/BufferedImage;+678
j  org.bytedeco.javacv.Java2DFrameConverter.getBufferedImage(Lorg/bytedeco/javacv/Frame;D)Ljava/awt/image/BufferedImage;+5
j  org.bytedeco.javacv.Java2DFrameConverter.getBufferedImage(Lorg/bytedeco/javacv/Frame;)Ljava/awt/image/BufferedImage;+3
j  com.study.douyin.basic.service.impl.VideoServiceImpl.FrameToBufferedImage(Lorg/bytedeco/javacv/Frame;)Ljava/awt/image/RenderedImage;+10
j  com.study.douyin.basic.service.impl.VideoServiceImpl.fetchFrameToFile(Ljava/lang/String;Ljava/lang/String;I)V+110
j  com.study.douyin.basic.service.impl.VideoServiceImpl$$FastClassBySpringCGLIB$$114aebe7.invoke(ILjava/lang/Object;[Ljava/lang/Object;)Ljava/lang/Object;+274
j  org.springframework.cglib.proxy.MethodProxy.invoke(Ljava/lang/Object;[Ljava/lang/Object;)Ljava/lang/Object;+19
j  org.springframework.aop.framework.CglibAopProxy$DynamicAdvisedInterceptor.intercept(Ljava/lang/Object;Ljava/lang/reflect/Method;[Ljava/lang/Object;Lorg/springframework/cglib/proxy/MethodProxy;)Ljava/lang/Object;+107
j  com.study.douyin.basic.service.impl.VideoServiceImpl$$EnhancerBySpringCGLIB$$626609b2.fetchFrameToFile(Ljava/lang/String;Ljava/lang/String;I)V+52
j  com.study.douyin.basic.controller.PublishController.action(Lorg/springframework/web/multipart/MultipartFile;Ljava/lang/String;Ljava/lang/String;Ljavax/servlet/http/HttpSession;)Lcom/study/douyin/basic/vo/ActionVo;+282
v  ~StubRoutines::call_stub
J 2119  sun.reflect.NativeMethodAccessorImpl.invoke0(Ljava/lang/reflect/Method;Ljava/lang/Object;[Ljava/lang/Object;)Ljava/lang/Object; (0 bytes) @ 0x00000000036bd57f [0x00000000036bd500+0x7f]
J 2120 C1 sun.reflect.NativeMethodAccessorImpl.invoke(Ljava/lang/Object;[Ljava/lang/Object;)Ljava/lang/Object; (104 bytes) @ 0x00000000036bdd4c [0x00000000036bd960+0x3ec]
J 1470 C1 sun.reflect.DelegatingMethodAccessorImpl.invoke(Ljava/lang/Object;[Ljava/lang/Object;)Ljava/lang/Object; (10 bytes) @ 0x000000000358e4c4 [0x000000000358e460+0x64]
J 1468 C1 java.lang.reflect.Method.invoke(Ljava/lang/Object;[Ljava/lang/Object;)Ljava/lang/Object; (62 bytes) @ 0x000000000358d744 [0x000000000358d620+0x124]
j  org.springframework.web.method.support.InvocableHandlerMethod.doInvoke([Ljava/lang/Object;)Ljava/lang/Object;+16
j  org.springframework.web.method.support.InvocableHandlerMethod.invokeForRequest(Lorg/springframework/web/context/request/NativeWebRequest;Lorg/springframework/web/method/support/ModelAndViewContainer;[Ljava/lang/Object;)Ljava/lang/Object;+56
j  org.springframework.web.servlet.mvc.method.annotation.ServletInvocableHandlerMethod.invokeAndHandle(Lorg/springframework/web/context/request/ServletWebRequest;Lorg/springframework/web/method/support/ModelAndViewContainer;[Ljava/lang/Object;)V+4
j  org.springframework.web.servlet.mvc.method.annotation.RequestMappingHandlerAdapter.invokeHandlerMethod(Ljavax/servlet/http/HttpServletRequest;Ljavax/servlet/http/HttpServletResponse;Lorg/springframework/web/method/HandlerMethod;)Lorg/springframework/web/servlet/ModelAndView;+244
j  org.springframework.web.servlet.mvc.method.annotation.RequestMappingHandlerAdapter.handleInternal(Ljavax/servlet/http/HttpServletRequest;Ljavax/servlet/http/HttpServletResponse;Lorg/springframework/web/method/HandlerMethod;)Lorg/springframework/web/servlet/ModelAndView;+81
j  org.springframework.web.servlet.mvc.method.AbstractHandlerMethodAdapter.handle(Ljavax/servlet/http/HttpServletRequest;Ljavax/servlet/http/HttpServletResponse;Ljava/lang/Object;)Lorg/springframework/web/servlet/ModelAndView;+7
j  org.springframework.web.servlet.DispatcherServlet.doDispatch(Ljavax/servlet/http/HttpServletRequest;Ljavax/servlet/http/HttpServletResponse;)V+257
j  org.springframework.web.servlet.DispatcherServlet.doService(Ljavax/servlet/http/HttpServletRequest;Ljavax/servlet/http/HttpServletResponse;)V+212
j  org.springframework.web.servlet.FrameworkServlet.processRequest(Ljavax/servlet/http/HttpServletRequest;Ljavax/servlet/http/HttpServletResponse;)V+71
j  org.springframework.web.servlet.FrameworkServlet.doPost(Ljavax/servlet/http/HttpServletRequest;Ljavax/servlet/http/HttpServletResponse;)V+3
j  javax.servlet.http.HttpServlet.service(Ljavax/servlet/http/HttpServletRequest;Ljavax/servlet/http/HttpServletResponse;)V+149
j  org.springframework.web.servlet.FrameworkServlet.service(Ljavax/servlet/http/HttpServletRequest;Ljavax/servlet/http/HttpServletResponse;)V+33
j  javax.servlet.http.HttpServlet.service(Ljavax/servlet/ServletRequest;Ljavax/servlet/ServletResponse;)V+36
j  org.apache.catalina.core.ApplicationFilterChain.internalDoFilter(Ljavax/servlet/ServletRequest;Ljavax/servlet/ServletResponse;)V+304
j  org.apache.catalina.core.ApplicationFilterChain.doFilter(Ljavax/servlet/ServletRequest;Ljavax/servlet/ServletResponse;)V+101
j  org.apache.tomcat.websocket.server.WsFilter.doFilter(Ljavax/servlet/ServletRequest;Ljavax/servlet/ServletResponse;Ljavax/servlet/FilterChain;)V+21
j  org.apache.catalina.core.ApplicationFilterChain.internalDoFilter(Ljavax/servlet/ServletRequest;Ljavax/servlet/ServletResponse;)V+135
j  org.apache.catalina.core.ApplicationFilterChain.doFilter(Ljavax/servlet/ServletRequest;Ljavax/servlet/ServletResponse;)V+101
j  org.springframework.web.filter.RequestContextFilter.doFilterInternal(Ljavax/servlet/http/HttpServletRequest;Ljavax/servlet/http/HttpServletResponse;Ljavax/servlet/FilterChain;)V+21
j  org.springframework.web.filter.OncePerRequestFilter.doFilter(Ljavax/servlet/ServletRequest;Ljavax/servlet/ServletResponse;Ljavax/servlet/FilterChain;)V+147
j  org.apache.catalina.core.ApplicationFilterChain.internalDoFilter(Ljavax/servlet/ServletRequest;Ljavax/servlet/ServletResponse;)V+135
j  org.apache.catalina.core.ApplicationFilterChain.doFilter(Ljavax/servlet/ServletRequest;Ljavax/servlet/ServletResponse;)V+101
j  org.springframework.web.filter.FormContentFilter.doFilterInternal(Ljavax/servlet/http/HttpServletRequest;Ljavax/servlet/http/HttpServletResponse;Ljavax/servlet/FilterChain;)V+38
j  org.springframework.web.filter.OncePerRequestFilter.doFilter(Ljavax/servlet/ServletRequest;Ljavax/servlet/ServletResponse;Ljavax/servlet/FilterChain;)V+147
j  org.apache.catalina.core.ApplicationFilterChain.internalDoFilter(Ljavax/servlet/ServletRequest;Ljavax/servlet/ServletResponse;)V+135
j  org.apache.catalina.core.ApplicationFilterChain.doFilter(Ljavax/servlet/ServletRequest;Ljavax/servlet/ServletResponse;)V+101
j  org.springframework.web.filter.HiddenHttpMethodFilter.doFilterInternal(Ljavax/servlet/http/HttpServletRequest;Ljavax/servlet/http/HttpServletResponse;Ljavax/servlet/FilterChain;)V+87
j  org.springframework.web.filter.OncePerRequestFilter.doFilter(Ljavax/servlet/ServletRequest;Ljavax/servlet/ServletResponse;Ljavax/servlet/FilterChain;)V+147
j  org.apache.catalina.core.ApplicationFilterChain.internalDoFilter(Ljavax/servlet/ServletRequest;Ljavax/servlet/ServletResponse;)V+135
j  org.apache.catalina.core.ApplicationFilterChain.doFilter(Ljavax/servlet/ServletRequest;Ljavax/servlet/ServletResponse;)V+101
j  org.springframework.web.filter.CharacterEncodingFilter.doFilterInternal(Ljavax/servlet/http/HttpServletRequest;Ljavax/servlet/http/HttpServletResponse;Ljavax/servlet/FilterChain;)V+53
j  org.springframework.web.filter.OncePerRequestFilter.doFilter(Ljavax/servlet/ServletRequest;Ljavax/servlet/ServletResponse;Ljavax/servlet/FilterChain;)V+147
j  org.apache.catalina.core.ApplicationFilterChain.internalDoFilter(Ljavax/servlet/ServletRequest;Ljavax/servlet/ServletResponse;)V+135
j  org.apache.catalina.core.ApplicationFilterChain.doFilter(Ljavax/servlet/ServletRequest;Ljavax/servlet/ServletResponse;)V+101
j  org.apache.catalina.core.StandardWrapperValve.invoke(Lorg/apache/catalina/connector/Request;Lorg/apache/catalina/connector/Response;)V+694
j  org.apache.catalina.core.StandardContextValve.invoke(Lorg/apache/catalina/connector/Request;Lorg/apache/catalina/connector/Response;)V+166
j  org.apache.catalina.authenticator.AuthenticatorBase.invoke(Lorg/apache/catalina/connector/Request;Lorg/apache/catalina/connector/Response;)V+260
j  org.apache.catalina.core.StandardHostValve.invoke(Lorg/apache/catalina/connector/Request;Lorg/apache/catalina/connector/Response;)V+114
j  org.apache.catalina.valves.ErrorReportValve.invoke(Lorg/apache/catalina/connector/Request;Lorg/apache/catalina/connector/Response;)V+6
j  org.apache.catalina.core.StandardEngineValve.invoke(Lorg/apache/catalina/connector/Request;Lorg/apache/catalina/connector/Response;)V+45
j  org.apache.catalina.connector.CoyoteAdapter.service(Lorg/apache/coyote/Request;Lorg/apache/coyote/Response;)V+199
j  org.apache.coyote.http11.Http11Processor.service(Lorg/apache/tomcat/util/net/SocketWrapperBase;)Lorg/apache/tomcat/util/net/AbstractEndpoint$Handler$SocketState;+784
j  org.apache.coyote.AbstractProcessorLight.process(Lorg/apache/tomcat/util/net/SocketWrapperBase;Lorg/apache/tomcat/util/net/SocketEvent;)Lorg/apache/tomcat/util/net/AbstractEndpoint$Handler$SocketState;+113
j  org.apache.coyote.AbstractProtocol$ConnectionHandler.process(Lorg/apache/tomcat/util/net/SocketWrapperBase;Lorg/apache/tomcat/util/net/SocketEvent;)Lorg/apache/tomcat/util/net/AbstractEndpoint$Handler$SocketState;+442
j  org.apache.tomcat.util.net.NioEndpoint$SocketProcessor.doRun()V+221
j  org.apache.tomcat.util.net.SocketProcessorBase.run()V+21
j  java.util.concurrent.ThreadPoolExecutor.runWorker(Ljava/util/concurrent/ThreadPoolExecutor$Worker;)V+95
j  java.util.concurrent.ThreadPoolExecutor$Worker.run()V+5
j  org.apache.tomcat.util.threads.TaskThread$WrappingRunnable.run()V+4
j  java.lang.Thread.run()V+11
v  ~StubRoutines::call_stub

---------------  P R O C E S S  ---------------

Java Threads: ( => current thread )
  0x0000000021d62000 JavaThread "Keep-Alive-Timer" daemon [_thread_blocked, id=100536, stack(0x0000000025e70000,0x0000000025f70000)]
  0x0000000021d5f000 JavaThread "com.alibaba.nacos.naming.beat.sender" daemon [_thread_blocked, id=46140, stack(0x000000002caf0000,0x000000002cbf0000)]
  0x0000000021d61000 JavaThread "com.alibaba.nacos.naming.beat.sender" daemon [_thread_blocked, id=116072, stack(0x000000002c3c0000,0x000000002c4c0000)]
  0x0000000021d5e000 JavaThread "logback-2" daemon [_thread_blocked, id=106960, stack(0x000000002c2c0000,0x000000002c3c0000)]
  0x0000000021d63800 JavaThread "com.alibaba.nacos.naming.beat.sender" daemon [_thread_blocked, id=110432, stack(0x0000000029d20000,0x0000000029e20000)]
  0x0000000021d62800 JavaThread "com.alibaba.nacos.naming.beat.sender" daemon [_thread_blocked, id=56632, stack(0x00000000285e0000,0x00000000286e0000)]
  0x0000000021d65000 JavaThread "JavaCPP Deallocator" daemon [_thread_blocked, id=115504, stack(0x00000000290e0000,0x00000000291e0000)]
  0x0000000021d64000 JavaThread "com.alibaba.nacos.naming.beat.sender" daemon [_thread_blocked, id=114868, stack(0x0000000028fe0000,0x00000000290e0000)]
  0x0000000024c39800 JavaThread "HikariPool-1 housekeeper" daemon [_thread_blocked, id=87124, stack(0x0000000028be0000,0x0000000028ce0000)]
  0x0000000024c38000 JavaThread "com.alibaba.nacos.naming.beat.sender" daemon [_thread_blocked, id=89084, stack(0x00000000288e0000,0x00000000289e0000)]
  0x0000000024c3b000 JavaThread "RMI TCP Connection(idle)" daemon [_thread_blocked, id=95960, stack(0x00000000287e0000,0x00000000288e0000)]
  0x0000000024c38800 JavaThread "DestroyJavaVM" [_thread_blocked, id=116152, stack(0x0000000002cf0000,0x0000000002df0000)]
  0x0000000024c37000 JavaThread "com.alibaba.nacos.naming.beat.sender" daemon [_thread_blocked, id=116408, stack(0x00000000286e0000,0x00000000287e0000)]
  0x0000000024c35800 JavaThread "Timer-0" daemon [_thread_blocked, id=116416, stack(0x00000000281e0000,0x00000000282e0000)]
  0x0000000024c3a000 JavaThread "com.alibaba.nacos.naming.beat.sender" daemon [_thread_blocked, id=110160, stack(0x00000000280e0000,0x00000000281e0000)]
  0x0000000024c34800 JavaThread "http-nio-10010-Acceptor" daemon [_thread_in_native, id=115956, stack(0x0000000027fe0000,0x00000000280e0000)]
  0x0000000024c3b800 JavaThread "http-nio-10010-ClientPoller" daemon [_thread_in_native, id=105008, stack(0x0000000027ee0000,0x0000000027fe0000)]
  0x000000002493b800 JavaThread "http-nio-10010-exec-10" daemon [_thread_blocked, id=116404, stack(0x0000000027de0000,0x0000000027ee0000)]
  0x000000002493c800 JavaThread "http-nio-10010-exec-9" daemon [_thread_blocked, id=115812, stack(0x0000000027ce0000,0x0000000027de0000)]
  0x000000002493b000 JavaThread "http-nio-10010-exec-8" daemon [_thread_blocked, id=112192, stack(0x0000000027be0000,0x0000000027ce0000)]
  0x0000000024940000 JavaThread "http-nio-10010-exec-7" daemon [_thread_blocked, id=115724, stack(0x0000000027ae0000,0x0000000027be0000)]
  0x000000002493a000 JavaThread "http-nio-10010-exec-6" daemon [_thread_blocked, id=112796, stack(0x00000000279e0000,0x0000000027ae0000)]
  0x000000002493f800 JavaThread "http-nio-10010-exec-5" daemon [_thread_blocked, id=113728, stack(0x00000000278e0000,0x00000000279e0000)]
  0x000000002493d000 JavaThread "http-nio-10010-exec-4" daemon [_thread_blocked, id=87516, stack(0x00000000277e0000,0x00000000278e0000)]
  0x0000000024941000 JavaThread "http-nio-10010-exec-3" daemon [_thread_blocked, id=115792, stack(0x00000000276e0000,0x00000000277e0000)]
  0x000000002493e800 JavaThread "http-nio-10010-exec-2" daemon [_thread_blocked, id=115968, stack(0x00000000275e0000,0x00000000276e0000)]
=>0x0000000024939800 JavaThread "http-nio-10010-exec-1" daemon [_thread_in_vm, id=108396, stack(0x00000000274e0000,0x00000000275e0000)]
  0x000000002493e000 JavaThread "http-nio-10010-BlockPoller" daemon [_thread_in_native, id=103556, stack(0x00000000273e0000,0x00000000274e0000)]
  0x0000000024932000 JavaThread "ThreadPoolTaskScheduler-1" [_thread_blocked, id=94096, stack(0x00000000272e0000,0x00000000273e0000)]
  0x0000000024938000 JavaThread "mysql-cj-abandoned-connection-cleanup" daemon [_thread_blocked, id=97948, stack(0x0000000026fe0000,0x00000000270e0000)]
  0x0000000024935800 JavaThread "com.alibaba.nacos.naming.push.receiver" daemon [_thread_in_native, id=106084, stack(0x0000000026ee0000,0x0000000026fe0000)]
  0x0000000024935000 JavaThread "com.alibaba.nacos.naming.failover" daemon [_thread_blocked, id=104224, stack(0x0000000026ce0000,0x0000000026de0000)]
  0x0000000024936800 JavaThread "com.alibaba.nacos.naming.client.listener" daemon [_thread_blocked, id=95176, stack(0x0000000026b70000,0x0000000026c70000)]
  0x0000000024933800 JavaThread "logback-1" daemon [_thread_blocked, id=115856, stack(0x0000000026a70000,0x0000000026b70000)]
  0x0000000024934000 JavaThread "spring.cloud.inetutils" daemon [_thread_blocked, id=15764, stack(0x0000000026970000,0x0000000026a70000)]
  0x0000000024932800 JavaThread "ForkJoinPool.commonPool-worker-15" daemon [_thread_blocked, id=116032, stack(0x0000000026470000,0x0000000026570000)]
  0x000000001eafd000 JavaThread "ForkJoinPool.commonPool-worker-13" daemon [_thread_blocked, id=113612, stack(0x0000000026270000,0x0000000026370000)]
  0x00000000248fc800 JavaThread "ForkJoinPool.commonPool-worker-4" daemon [_thread_blocked, id=115468, stack(0x0000000026170000,0x0000000026270000)]
  0x00000000248fc000 JavaThread "ForkJoinPool.commonPool-worker-11" daemon [_thread_blocked, id=82444, stack(0x0000000026070000,0x0000000026170000)]
  0x00000000248fb000 JavaThread "ForkJoinPool.commonPool-worker-2" daemon [_thread_blocked, id=116004, stack(0x0000000025f70000,0x0000000026070000)]
  0x000000002485b000 JavaThread "container-0" [_thread_blocked, id=104468, stack(0x0000000025b70000,0x0000000025c70000)]
  0x000000002485a800 JavaThread "Catalina-utility-2" [_thread_blocked, id=102780, stack(0x0000000025a70000,0x0000000025b70000)]
  0x000000002484c000 JavaThread "Catalina-utility-1" [_thread_blocked, id=116596, stack(0x0000000025970000,0x0000000025a70000)]
  0x0000000022967800 JavaThread "RMI Scheduler(0)" daemon [_thread_blocked, id=109848, stack(0x0000000023ca0000,0x0000000023da0000)]
  0x00000000223e5000 JavaThread "RMI TCP Connection(idle)" daemon [_thread_blocked, id=106164, stack(0x00000000234a0000,0x00000000235a0000)]
  0x0000000021e8f800 JavaThread "RMI TCP Accept-0" daemon [_thread_in_native, id=116680, stack(0x0000000022020000,0x0000000022120000)]
  0x000000001eb4b800 JavaThread "Service Thread" daemon [_thread_blocked, id=84688, stack(0x0000000021650000,0x0000000021750000)]
  0x000000001eafe000 JavaThread "C1 CompilerThread11" daemon [_thread_blocked, id=115392, stack(0x0000000021550000,0x0000000021650000)]
  0x000000001eb00000 JavaThread "C1 CompilerThread10" daemon [_thread_blocked, id=92628, stack(0x0000000021450000,0x0000000021550000)]
  0x000000001eaf9800 JavaThread "C1 CompilerThread9" daemon [_thread_blocked, id=98372, stack(0x0000000021350000,0x0000000021450000)]
  0x000000001eaff800 JavaThread "C1 CompilerThread8" daemon [_thread_blocked, id=104376, stack(0x0000000021250000,0x0000000021350000)]
  0x000000001ead8800 JavaThread "C2 CompilerThread7" daemon [_thread_blocked, id=80220, stack(0x0000000021150000,0x0000000021250000)]
  0x000000001eabb000 JavaThread "C2 CompilerThread6" daemon [_thread_blocked, id=102116, stack(0x0000000021050000,0x0000000021150000)]
  0x000000001ea91000 JavaThread "C2 CompilerThread5" daemon [_thread_blocked, id=97496, stack(0x0000000020e50000,0x0000000020f50000)]
  0x000000001ea84800 JavaThread "C2 CompilerThread4" daemon [_thread_blocked, id=105416, stack(0x0000000020d50000,0x0000000020e50000)]
  0x000000001ea73800 JavaThread "C2 CompilerThread3" daemon [_thread_blocked, id=109456, stack(0x0000000020c50000,0x0000000020d50000)]
  0x000000001ea6b000 JavaThread "C2 CompilerThread2" daemon [_thread_blocked, id=112764, stack(0x0000000020b50000,0x0000000020c50000)]
  0x000000001ea6a000 JavaThread "C2 CompilerThread1" daemon [_thread_blocked, id=112912, stack(0x0000000020a50000,0x0000000020b50000)]
  0x000000001ea68800 JavaThread "C2 CompilerThread0" daemon [_thread_blocked, id=3768, stack(0x0000000020950000,0x0000000020a50000)]
  0x000000001ea46000 JavaThread "JDWP Command Reader" daemon [_thread_in_native, id=106812, stack(0x0000000020850000,0x0000000020950000)]
  0x000000001ea45000 JavaThread "JDWP Event Helper Thread" daemon [_thread_blocked, id=110008, stack(0x0000000020750000,0x0000000020850000)]
  0x000000001ea3a800 JavaThread "JDWP Transport Listener: dt_socket" daemon [_thread_blocked, id=116444, stack(0x0000000020650000,0x0000000020750000)]
  0x000000001ea33000 JavaThread "Attach Listener" daemon [_thread_blocked, id=106880, stack(0x0000000020430000,0x0000000020530000)]
  0x000000001e9ca800 JavaThread "Signal Dispatcher" daemon [_thread_blocked, id=112816, stack(0x0000000020330000,0x0000000020430000)]
  0x000000001cf59000 JavaThread "Finalizer" daemon [_thread_blocked, id=115256, stack(0x0000000020230000,0x0000000020330000)]
  0x000000001cf4f800 JavaThread "Reference Handler" daemon [_thread_blocked, id=52404, stack(0x0000000020130000,0x0000000020230000)]

Other Threads:
  0x000000001e993800 VMThread [stack: 0x0000000020030000,0x0000000020130000] [id=93988]
  0x0000000021ea9800 WatcherThread [stack: 0x0000000022120000,0x0000000022220000] [id=109176]

VM state:not at safepoint (normal execution)

VM Mutex/Monitor currently owned by a thread: None

Heap:
 PSYoungGen      total 232960K, used 28938K [0x000000076b700000, 0x000000077ad00000, 0x00000007c0000000)
  eden space 220160K, 7% used [0x000000076b700000,0x000000076c6c4ea0,0x0000000778e00000)
  from space 12800K, 99% used [0x000000077a080000,0x000000077acfdc78,0x000000077ad00000)
  to   space 14336K, 0% used [0x0000000779100000,0x0000000779100000,0x0000000779f00000)
 ParOldGen       total 139776K, used 15865K [0x00000006c2400000, 0x00000006cac80000, 0x000000076b700000)
  object space 139776K, 11% used [0x00000006c2400000,0x00000006c337e430,0x00000006cac80000)
 Metaspace       used 47427K, capacity 49672K, committed 49920K, reserved 1093632K
  class space    used 6164K, capacity 6560K, committed 6656K, reserved 1048576K

Card table byte_map: [0x0000000012450000,0x0000000012c40000] byte_map_base: 0x000000000ee3e000

Marking Bits: (ParMarkBitMap*) 0x0000000054144040
 Begin Bits: [0x0000000013e90000, 0x0000000017e00000)
 End Bits:   [0x0000000017e00000, 0x000000001bd70000)

Polling page: 0x0000000001050000

CodeCache: size=245760Kb used=11821Kb max_used=11910Kb free=233939Kb
 bounds [0x0000000003090000, 0x0000000003c40000, 0x0000000012090000]
 total_blobs=5591 nmethods=5047 adapters=461
 compilation: enabled

Compilation events (10 events):
Event: 56.394 Thread 0x000000001eafe000 5160       1       java.nio.charset.CharsetDecoder::onMalformedInput (26 bytes)
Event: 56.394 Thread 0x000000001eaf9800 5161       1       java.nio.charset.CharsetDecoder::implOnMalformedInput (1 bytes)
Event: 56.394 Thread 0x000000001eb00000 5162       1       java.nio.charset.CharsetDecoder::onUnmappableCharacter (26 bytes)
Event: 56.394 Thread 0x000000001eaff800 5163       1       java.nio.charset.CharsetDecoder::implOnUnmappableCharacter (1 bytes)
Event: 56.394 Thread 0x000000001eaff800 nmethod 5163 0x0000000003aa9290 code [0x0000000003aa93e0, 0x0000000003aa94f0]
Event: 56.394 Thread 0x000000001eaf9800 nmethod 5161 0x0000000003aa8fd0 code [0x0000000003aa9120, 0x0000000003aa9230]
Event: 56.394 Thread 0x000000001eb00000 nmethod 5162 0x0000000003aa8b90 code [0x0000000003aa8d00, 0x0000000003aa8ee8]
Event: 56.394 Thread 0x000000001eb00000 5164   !   1       java.nio.charset.CharsetDecoder::decode (287 bytes)
Event: 56.394 Thread 0x000000001eafe000 nmethod 5160 0x0000000003aa8750 code [0x0000000003aa88c0, 0x0000000003aa8aa8]
Event: 56.395 Thread 0x000000001eb00000 nmethod 5164 0x00000000034eb490 code [0x00000000034eb6a0, 0x00000000034ebcd8]

GC Heap History (10 events):
Event: 4.651 GC heap before
{Heap before GC invocations=8 (full 1):
 PSYoungGen      total 109056K, used 108288K [0x000000076b700000, 0x0000000772f80000, 0x00000007c0000000)
  eden space 99328K, 100% used [0x000000076b700000,0x0000000771800000,0x0000000771800000)
  from space 9728K, 92% used [0x0000000772200000,0x0000000772ac0138,0x0000000772b80000)
  to   space 10240K, 0% used [0x0000000771800000,0x0000000771800000,0x0000000772200000)
 ParOldGen       total 103424K, used 7541K [0x00000006c2400000, 0x00000006c8900000, 0x000000076b700000)
  object space 103424K, 7% used [0x00000006c2400000,0x00000006c2b5d538,0x00000006c8900000)
 Metaspace       used 32077K, capacity 33620K, committed 33792K, reserved 1079296K
  class space    used 4320K, capacity 4600K, committed 4608K, reserved 1048576K
Event: 4.657 GC heap after
Heap after GC invocations=8 (full 1):
 PSYoungGen      total 109568K, used 10227K [0x000000076b700000, 0x0000000776c80000, 0x00000007c0000000)
  eden space 99328K, 0% used [0x000000076b700000,0x000000076b700000,0x0000000771800000)
  from space 10240K, 99% used [0x0000000771800000,0x00000007721fcd90,0x0000000772200000)
  to   space 12800K, 0% used [0x0000000776000000,0x0000000776000000,0x0000000776c80000)
 ParOldGen       total 103424K, used 10338K [0x00000006c2400000, 0x00000006c8900000, 0x000000076b700000)
  object space 103424K, 9% used [0x00000006c2400000,0x00000006c2e18b98,0x00000006c8900000)
 Metaspace       used 32077K, capacity 33620K, committed 33792K, reserved 1079296K
  class space    used 4320K, capacity 4600K, committed 4608K, reserved 1048576K
}
Event: 4.704 GC heap before
{Heap before GC invocations=9 (full 1):
 PSYoungGen      total 109568K, used 20895K [0x000000076b700000, 0x0000000776c80000, 0x00000007c0000000)
  eden space 99328K, 10% used [0x000000076b700000,0x000000076c16b0a8,0x0000000771800000)
  from space 10240K, 99% used [0x0000000771800000,0x00000007721fcd90,0x0000000772200000)
  to   space 12800K, 0% used [0x0000000776000000,0x0000000776000000,0x0000000776c80000)
 ParOldGen       total 103424K, used 10338K [0x00000006c2400000, 0x00000006c8900000, 0x000000076b700000)
  object space 103424K, 9% used [0x00000006c2400000,0x00000006c2e18b98,0x00000006c8900000)
 Metaspace       used 33719K, capacity 35330K, committed 35496K, reserved 1079296K
  class space    used 4537K, capacity 4847K, committed 4864K, reserved 1048576K
Event: 4.708 GC heap after
Heap after GC invocations=9 (full 1):
 PSYoungGen      total 173568K, used 8557K [0x000000076b700000, 0x0000000777e80000, 0x00000007c0000000)
  eden space 160768K, 0% used [0x000000076b700000,0x000000076b700000,0x0000000775400000)
  from space 12800K, 66% used [0x0000000776000000,0x000000077685b480,0x0000000776c80000)
  to   space 12288K, 0% used [0x0000000775400000,0x0000000775400000,0x0000000776000000)
 ParOldGen       total 103424K, used 12218K [0x00000006c2400000, 0x00000006c8900000, 0x000000076b700000)
  object space 103424K, 11% used [0x00000006c2400000,0x00000006c2fee820,0x00000006c8900000)
 Metaspace       used 33719K, capacity 35330K, committed 35496K, reserved 1079296K
  class space    used 4537K, capacity 4847K, committed 4864K, reserved 1048576K
}
Event: 4.708 GC heap before
{Heap before GC invocations=10 (full 2):
 PSYoungGen      total 173568K, used 8557K [0x000000076b700000, 0x0000000777e80000, 0x00000007c0000000)
  eden space 160768K, 0% used [0x000000076b700000,0x000000076b700000,0x0000000775400000)
  from space 12800K, 66% used [0x0000000776000000,0x000000077685b480,0x0000000776c80000)
  to   space 12288K, 0% used [0x0000000775400000,0x0000000775400000,0x0000000776000000)
 ParOldGen       total 103424K, used 12218K [0x00000006c2400000, 0x00000006c8900000, 0x000000076b700000)
  object space 103424K, 11% used [0x00000006c2400000,0x00000006c2fee820,0x00000006c8900000)
 Metaspace       used 33719K, capacity 35330K, committed 35496K, reserved 1079296K
  class space    used 4537K, capacity 4847K, committed 4864K, reserved 1048576K
Event: 4.736 GC heap after
Heap after GC invocations=10 (full 2):
 PSYoungGen      total 173568K, used 0K [0x000000076b700000, 0x0000000777e80000, 0x00000007c0000000)
  eden space 160768K, 0% used [0x000000076b700000,0x000000076b700000,0x0000000775400000)
  from space 12800K, 0% used [0x0000000776000000,0x0000000776000000,0x0000000776c80000)
  to   space 12288K, 0% used [0x0000000775400000,0x0000000775400000,0x0000000776000000)
 ParOldGen       total 139776K, used 15796K [0x00000006c2400000, 0x00000006cac80000, 0x000000076b700000)
  object space 139776K, 11% used [0x00000006c2400000,0x00000006c336d108,0x00000006cac80000)
 Metaspace       used 33719K, capacity 35330K, committed 35496K, reserved 1079296K
  class space    used 4537K, capacity 4847K, committed 4864K, reserved 1048576K
}
Event: 6.978 GC heap before
{Heap before GC invocations=11 (full 2):
 PSYoungGen      total 173568K, used 160768K [0x000000076b700000, 0x0000000777e80000, 0x00000007c0000000)
  eden space 160768K, 100% used [0x000000076b700000,0x0000000775400000,0x0000000775400000)
  from space 12800K, 0% used [0x0000000776000000,0x0000000776000000,0x0000000776c80000)
  to   space 12288K, 0% used [0x0000000775400000,0x0000000775400000,0x0000000776000000)
 ParOldGen       total 139776K, used 15796K [0x00000006c2400000, 0x00000006cac80000, 0x000000076b700000)
  object space 139776K, 11% used [0x00000006c2400000,0x00000006c336d108,0x00000006cac80000)
 Metaspace       used 40359K, capacity 42396K, committed 42624K, reserved 1085440K
  class space    used 5352K, capacity 5729K, committed 5760K, reserved 1048576K
Event: 6.985 GC heap after
Heap after GC invocations=11 (full 2):
 PSYoungGen      total 173056K, used 10683K [0x000000076b700000, 0x000000077ad00000, 0x00000007c0000000)
  eden space 160768K, 0% used [0x000000076b700000,0x000000076b700000,0x0000000775400000)
  from space 12288K, 86% used [0x0000000775400000,0x0000000775e6ef18,0x0000000776000000)
  to   space 12800K, 0% used [0x000000077a080000,0x000000077a080000,0x000000077ad00000)
 ParOldGen       total 139776K, used 15804K [0x00000006c2400000, 0x00000006cac80000, 0x000000076b700000)
  object space 139776K, 11% used [0x00000006c2400000,0x00000006c336f108,0x00000006cac80000)
 Metaspace       used 40359K, capacity 42396K, committed 42624K, reserved 1085440K
  class space    used 5352K, capacity 5729K, committed 5760K, reserved 1048576K
}
Event: 36.679 GC heap before
{Heap before GC invocations=12 (full 2):
 PSYoungGen      total 173056K, used 171451K [0x000000076b700000, 0x000000077ad00000, 0x00000007c0000000)
  eden space 160768K, 100% used [0x000000076b700000,0x0000000775400000,0x0000000775400000)
  from space 12288K, 86% used [0x0000000775400000,0x0000000775e6ef18,0x0000000776000000)
  to   space 12800K, 0% used [0x000000077a080000,0x000000077a080000,0x000000077ad00000)
 ParOldGen       total 139776K, used 15804K [0x00000006c2400000, 0x00000006cac80000, 0x000000076b700000)
  object space 139776K, 11% used [0x00000006c2400000,0x00000006c336f108,0x00000006cac80000)
 Metaspace       used 47028K, capacity 49250K, committed 49536K, reserved 1091584K
  class space    used 6129K, capacity 6527K, committed 6528K, reserved 1048576K
Event: 36.686 GC heap after
Heap after GC invocations=12 (full 2):
 PSYoungGen      total 232960K, used 12791K [0x000000076b700000, 0x000000077ad00000, 0x00000007c0000000)
  eden space 220160K, 0% used [0x000000076b700000,0x000000076b700000,0x0000000778e00000)
  from space 12800K, 99% used [0x000000077a080000,0x000000077acfdc78,0x000000077ad00000)
  to   space 14336K, 0% used [0x0000000779100000,0x0000000779100000,0x0000000779f00000)
 ParOldGen       total 139776K, used 15865K [0x00000006c2400000, 0x00000006cac80000, 0x000000076b700000)
  object space 139776K, 11% used [0x00000006c2400000,0x00000006c337e430,0x00000006cac80000)
 Metaspace       used 47028K, capacity 49250K, committed 49536K, reserved 1091584K
  class space    used 6129K, capacity 6527K, committed 6528K, reserved 1048576K
}

Deoptimization events (0 events):
No events

Internal exceptions (10 events):
Event: 14.978 Thread 0x0000000024939800 Exception <a 'java/lang/ArrayIndexOutOfBoundsException'> (0x000000076de5d998) thrown at [D:\re\workspace\8-2-build-windows-amd64-cygwin\jdk8u40\2855\hotspot\src\share\vm\runtime\sharedRuntime.cpp, line 605]
Event: 18.777 Thread 0x0000000024c35800 Exception <a 'java/io/FileNotFoundException'> (0x000000076f91a088) thrown at [D:\re\workspace\8-2-build-windows-amd64-cygwin\jdk8u40\2855\hotspot\src\share\vm\prims\jni.cpp, line 709]
Event: 18.778 Thread 0x0000000024c35800 Exception <a 'java/io/FileNotFoundException'> (0x000000076f91a608) thrown at [D:\re\workspace\8-2-build-windows-amd64-cygwin\jdk8u40\2855\hotspot\src\share\vm\prims\jni.cpp, line 709]
Event: 30.591 Thread 0x0000000024c35800 Exception <a 'java/io/FileNotFoundException'> (0x000000076f927478) thrown at [D:\re\workspace\8-2-build-windows-amd64-cygwin\jdk8u40\2855\hotspot\src\share\vm\prims\jni.cpp, line 709]
Event: 30.591 Thread 0x0000000024c35800 Exception <a 'java/io/FileNotFoundException'> (0x000000076f9279f8) thrown at [D:\re\workspace\8-2-build-windows-amd64-cygwin\jdk8u40\2855\hotspot\src\share\vm\prims\jni.cpp, line 709]
Event: 43.031 Thread 0x0000000024c35800 Exception <a 'java/io/FileNotFoundException'> (0x000000076bc822c8) thrown at [D:\re\workspace\8-2-build-windows-amd64-cygwin\jdk8u40\2855\hotspot\src\share\vm\prims\jni.cpp, line 709]
Event: 43.031 Thread 0x0000000024c35800 Exception <a 'java/io/FileNotFoundException'> (0x000000076bc82848) thrown at [D:\re\workspace\8-2-build-windows-amd64-cygwin\jdk8u40\2855\hotspot\src\share\vm\prims\jni.cpp, line 709]
Event: 51.297 Thread 0x0000000024c35800 Exception <a 'java/io/FileNotFoundException'> (0x000000076bc8f6b8) thrown at [D:\re\workspace\8-2-build-windows-amd64-cygwin\jdk8u40\2855\hotspot\src\share\vm\prims\jni.cpp, line 709]
Event: 51.297 Thread 0x0000000024c35800 Exception <a 'java/io/FileNotFoundException'> (0x000000076bc8fc38) thrown at [D:\re\workspace\8-2-build-windows-amd64-cygwin\jdk8u40\2855\hotspot\src\share\vm\prims\jni.cpp, line 709]
Event: 56.833 Thread 0x0000000024939800 Exception <a 'java/io/FileNotFoundException'> (0x000000076b907528) thrown at [D:\re\workspace\8-2-build-windows-amd64-cygwin\jdk8u40\2855\hotspot\src\share\vm\prims\jni.cpp, line 709]

Events (10 events):
Event: 56.827 loading class sun/awt/resources/awt_zh_Hans_CN
Event: 56.827 loading class sun/awt/resources/awt_zh_Hans_CN done
Event: 56.832 loading class java/awt/Toolkit$3
Event: 56.832 loading class java/awt/Toolkit$3 done
Event: 56.833 loading class java/awt/Toolkit$1
Event: 56.833 loading class java/awt/Toolkit$1 done
Event: 56.833 loading class java/awt/GraphicsEnvironment
Event: 56.833 loading class java/awt/GraphicsEnvironment done
Event: 56.834 loading class java/awt/GraphicsEnvironment$1
Event: 56.834 loading class java/awt/GraphicsEnvironment$1 done


Dynamic libraries:
0x00007ff61c4a0000 - 0x00007ff61c4d7000 	C:\Program Files\Java\jdk1.8.0_40\bin\java.exe
0x00007ffb2e080000 - 0x00007ffb2e289000 	C:\Windows\SYSTEM32\ntdll.dll
0x00007ffb2c790000 - 0x00007ffb2c84e000 	C:\Windows\System32\KERNEL32.DLL
0x00007ffb2b860000 - 0x00007ffb2bbdc000 	C:\Windows\System32\KERNELBASE.dll
0x00007ffb2bf10000 - 0x00007ffb2bfbe000 	C:\Windows\System32\ADVAPI32.dll
0x00007ffb2d360000 - 0x00007ffb2d403000 	C:\Windows\System32\msvcrt.dll
0x00007ffb2d140000 - 0x00007ffb2d1de000 	C:\Windows\System32\sechost.dll
0x00007ffb2cb90000 - 0x00007ffb2ccb0000 	C:\Windows\System32\RPCRT4.dll
0x00007ffb2cf90000 - 0x00007ffb2d13d000 	C:\Windows\System32\USER32.dll
0x00007ffb2bdb0000 - 0x00007ffb2bdd6000 	C:\Windows\System32\win32u.dll
0x00007ffb2ccb0000 - 0x00007ffb2ccd9000 	C:\Windows\System32\GDI32.dll
0x00007ffb2bde0000 - 0x00007ffb2bef8000 	C:\Windows\System32\gdi32full.dll
0x00007ffb2bc50000 - 0x00007ffb2bced000 	C:\Windows\System32\msvcp_win.dll
0x00007ffb2b550000 - 0x00007ffb2b661000 	C:\Windows\System32\ucrtbase.dll
0x00007ffb16800000 - 0x00007ffb16aa5000 	C:\Windows\WinSxS\amd64_microsoft.windows.common-controls_6595b64144ccf1df_6.0.22000.120_none_9d947278b86cc467\COMCTL32.dll
0x00007ffb2c860000 - 0x00007ffb2c892000 	C:\Windows\System32\IMM32.DLL
0x00000000541d0000 - 0x00000000542a2000 	C:\Program Files\Java\jdk1.8.0_40\jre\bin\msvcr100.dll
0x0000000053940000 - 0x00000000541c3000 	C:\Program Files\Java\jdk1.8.0_40\jre\bin\server\jvm.dll
0x00007ffb2c850000 - 0x00007ffb2c858000 	C:\Windows\System32\PSAPI.DLL
0x00007ffb21ed0000 - 0x00007ffb21f03000 	C:\Windows\SYSTEM32\WINMM.dll
0x00007ffb24350000 - 0x00007ffb2435a000 	C:\Windows\SYSTEM32\VERSION.dll
0x00007ffb213e0000 - 0x00007ffb213e9000 	C:\Windows\SYSTEM32\WSOCK32.dll
0x00007ffb2da10000 - 0x00007ffb2da7f000 	C:\Windows\System32\WS2_32.dll
0x0000000053930000 - 0x000000005393f000 	C:\Program Files\Java\jdk1.8.0_40\jre\bin\verify.dll
0x0000000053900000 - 0x0000000053929000 	C:\Program Files\Java\jdk1.8.0_40\jre\bin\java.dll
0x00000000535d0000 - 0x0000000053605000 	C:\Program Files\Java\jdk1.8.0_40\jre\bin\jdwp.dll
0x0000000053840000 - 0x0000000053848000 	C:\Program Files\Java\jdk1.8.0_40\jre\bin\npt.dll
0x00000000535a0000 - 0x00000000535c3000 	C:\Program Files\Java\jdk1.8.0_40\jre\bin\instrument.dll
0x00000000538e0000 - 0x00000000538f6000 	C:\Program Files\Java\jdk1.8.0_40\jre\bin\zip.dll
0x00007ffb2bfc0000 - 0x00007ffb2c785000 	C:\Windows\System32\SHELL32.dll
0x00007ffb29650000 - 0x00007ffb29eb5000 	C:\Windows\SYSTEM32\windows.storage.dll
0x00007ffb2dc20000 - 0x00007ffb2df98000 	C:\Windows\System32\combase.dll
0x00007ffb294e0000 - 0x00007ffb29646000 	C:\Windows\SYSTEM32\wintypes.dll
0x00007ffb2c900000 - 0x00007ffb2c9ea000 	C:\Windows\System32\SHCORE.dll
0x00007ffb2d1e0000 - 0x00007ffb2d23d000 	C:\Windows\System32\shlwapi.dll
0x00007ffb2b480000 - 0x00007ffb2b4a1000 	C:\Windows\SYSTEM32\profapi.dll
0x0000000053830000 - 0x0000000053839000 	C:\Program Files\Java\jdk1.8.0_40\jre\bin\dt_socket.dll
0x00007ffb04b70000 - 0x00007ffb04cea000 	C:\Program Files (x86)\Sangfor\SSL\ClientComponent\SangforTcpX64.dll
0x00007ffb2da80000 - 0x00007ffb2dc1a000 	C:\Windows\System32\ole32.dll
0x00007ffb2ceb0000 - 0x00007ffb2cf86000 	C:\Windows\System32\OLEAUT32.dll
0x00007ffb2bbe0000 - 0x00007ffb2bc48000 	C:\Windows\System32\WINTRUST.dll
0x00007ffb2b670000 - 0x00007ffb2b7d2000 	C:\Windows\System32\CRYPT32.dll
0x00007ffb2ae00000 - 0x00007ffb2ae12000 	C:\Windows\SYSTEM32\MSASN1.dll
0x00007ffb2ab60000 - 0x00007ffb2abc7000 	C:\Windows\system32\mswsock.dll
0x00000000538c0000 - 0x00000000538da000 	C:\Program Files\Java\jdk1.8.0_40\jre\bin\net.dll
0x00007ffb1f410000 - 0x00007ffb1f43d000 	C:\Program Files (x86)\Sangfor\SSL\ClientComponent\1_SangforNspX64.dll
0x00007ffb2a220000 - 0x00007ffb2a308000 	C:\Windows\SYSTEM32\DNSAPI.dll
0x00007ffb2a1f0000 - 0x00007ffb2a21d000 	C:\Windows\SYSTEM32\IPHLPAPI.DLL
0x00007ffb2cea0000 - 0x00007ffb2cea9000 	C:\Windows\System32\NSI.dll
0x00007ffb21e30000 - 0x00007ffb21e3a000 	C:\Windows\System32\rasadhlp.dll
0x00007ffb24810000 - 0x00007ffb24891000 	C:\Windows\System32\fwpuclnt.dll
0x0000000053890000 - 0x000000005389d000 	C:\Program Files\Java\jdk1.8.0_40\jre\bin\management.dll
0x00000000538a0000 - 0x00000000538b1000 	C:\Program Files\Java\jdk1.8.0_40\jre\bin\nio.dll
0x00007ffb2adb0000 - 0x00007ffb2adc8000 	C:\Windows\SYSTEM32\CRYPTSP.dll
0x00007ffb2a620000 - 0x00007ffb2a655000 	C:\Windows\system32\rsaenh.dll
0x00007ffb2ac50000 - 0x00007ffb2ac79000 	C:\Windows\SYSTEM32\USERENV.dll
0x00007ffb2af30000 - 0x00007ffb2af57000 	C:\Windows\SYSTEM32\bcrypt.dll
0x00007ffb2b7e0000 - 0x00007ffb2b85f000 	C:\Windows\System32\bcryptprimitives.dll
0x00007ffb2ada0000 - 0x00007ffb2adac000 	C:\Windows\SYSTEM32\CRYPTBASE.dll
0x00007ffb25d70000 - 0x00007ffb25d89000 	C:\Windows\SYSTEM32\dhcpcsvc6.DLL
0x00007ffb26270000 - 0x00007ffb2628e000 	C:\Windows\SYSTEM32\dhcpcsvc.DLL
0x00007ffb0ade0000 - 0x00007ffb0adf7000 	C:\Windows\system32\napinsp.dll
0x00007ffb0adc0000 - 0x00007ffb0addb000 	C:\Windows\system32\pnrpnsp.dll
0x00007ffb0ada0000 - 0x00007ffb0adb2000 	C:\Windows\System32\winrnr.dll
0x00007ffb0a4b0000 - 0x00007ffb0a4c5000 	C:\Windows\system32\wshbth.dll
0x00007ffb0a490000 - 0x00007ffb0a4af000 	C:\Windows\system32\nlansp_c.dll
0x00007ffb2a6e0000 - 0x00007ffb2a714000 	C:\Windows\SYSTEM32\ntmarta.dll
0x00007ffb04170000 - 0x00007ffb04237000 	C:\Users\Xu1Aan\.javacpp\cache\ffmpeg-3.4.2-1.4.1-windows-x86_64.jar\org\bytedeco\javacpp\windows-x86_64\avutil-55.dll
0x000000006fe00000 - 0x000000006fed2000 	C:\Users\Xu1Aan\.javacpp\cache\ffmpeg-3.4.2-1.4.1-windows-x86_64.jar\org\bytedeco\javacpp\windows-x86_64\jniavutil.dll
0x00007ffb0b710000 - 0x00007ffb0b738000 	C:\Users\Xu1Aan\.javacpp\cache\ffmpeg-3.4.2-1.4.1-windows-x86_64.jar\org\bytedeco\javacpp\windows-x86_64\swresample-2.dll
0x0000000070080000 - 0x00000000700ae000 	C:\Users\Xu1Aan\.javacpp\cache\ffmpeg-3.4.2-1.4.1-windows-x86_64.jar\org\bytedeco\javacpp\windows-x86_64\jniswresample.dll
0x00007ffa7cc20000 - 0x00007ffa7ebc9000 	C:\Users\Xu1Aan\.javacpp\cache\ffmpeg-3.4.2-1.4.1-windows-x86_64.jar\org\bytedeco\javacpp\windows-x86_64\avcodec-57.dll
0x000000006a1c0000 - 0x000000006a44d000 	C:\Users\Xu1Aan\.javacpp\cache\ffmpeg-3.4.2-1.4.1-windows-x86_64.jar\org\bytedeco\javacpp\windows-x86_64\jniavcodec.dll
0x00007ffaf2980000 - 0x00007ffaf2dcd000 	C:\Users\Xu1Aan\.javacpp\cache\ffmpeg-3.4.2-1.4.1-windows-x86_64.jar\org\bytedeco\javacpp\windows-x86_64\avformat-57.dll
0x00007ffb15ac0000 - 0x00007ffb15acc000 	C:\Windows\SYSTEM32\Secur32.dll
0x00007ffb2a950000 - 0x00007ffb2a992000 	C:\Windows\SYSTEM32\SSPICLI.DLL
0x000000006abc0000 - 0x000000006ad0a000 	C:\Users\Xu1Aan\.javacpp\cache\ffmpeg-3.4.2-1.4.1-windows-x86_64.jar\org\bytedeco\javacpp\windows-x86_64\jniavformat.dll
0x00007ffaf5f60000 - 0x00007ffaf5ff4000 	C:\Users\Xu1Aan\.javacpp\cache\ffmpeg-3.4.2-1.4.1-windows-x86_64.jar\org\bytedeco\javacpp\windows-x86_64\swscale-4.dll
0x0000000067cc0000 - 0x0000000067cf6000 	C:\Users\Xu1Aan\.javacpp\cache\ffmpeg-3.4.2-1.4.1-windows-x86_64.jar\org\bytedeco\javacpp\windows-x86_64\jniswscale.dll
0x00007ffb0ae80000 - 0x00007ffb0aeaa000 	C:\Users\Xu1Aan\.javacpp\cache\ffmpeg-3.4.2-1.4.1-windows-x86_64.jar\org\bytedeco\javacpp\windows-x86_64\postproc-54.dll
0x000000006a0c0000 - 0x000000006a0ec000 	C:\Users\Xu1Aan\.javacpp\cache\ffmpeg-3.4.2-1.4.1-windows-x86_64.jar\org\bytedeco\javacpp\windows-x86_64\jnipostproc.dll
0x00007ffab8f20000 - 0x00007ffab9279000 	C:\Users\Xu1Aan\.javacpp\cache\ffmpeg-3.4.2-1.4.1-windows-x86_64.jar\org\bytedeco\javacpp\windows-x86_64\avfilter-6.dll
0x0000000064400000 - 0x0000000064478000 	C:\Users\Xu1Aan\.javacpp\cache\ffmpeg-3.4.2-1.4.1-windows-x86_64.jar\org\bytedeco\javacpp\windows-x86_64\jniavfilter.dll
0x00007ffafb020000 - 0x00007ffafb04d000 	C:\Users\Xu1Aan\.javacpp\cache\ffmpeg-3.4.2-1.4.1-windows-x86_64.jar\org\bytedeco\javacpp\windows-x86_64\avdevice-57.dll
0x00007ffb0df10000 - 0x00007ffb0df29000 	C:\Windows\SYSTEM32\AVICAP32.dll
0x00007ffafad20000 - 0x00007ffafad4b000 	C:\Windows\SYSTEM32\MSVFW32.dll
0x00000000291e0000 - 0x0000000029219000 	C:\Users\Xu1Aan\.javacpp\cache\ffmpeg-3.4.2-1.4.1-windows-x86_64.jar\org\bytedeco\javacpp\windows-x86_64\jniavdevice.dll
0x0000000053400000 - 0x0000000053598000 	C:\Program Files\Java\jdk1.8.0_40\jre\bin\awt.dll
0x00007ffb28570000 - 0x00007ffb28601000 	C:\Windows\SYSTEM32\apphelp.dll
0x00007ffb29140000 - 0x00007ffb29361000 	C:\Windows\SYSTEM32\dbghelp.dll

VM Arguments:
jvm_args: -agentlib:jdwp=transport=dt_socket,address=127.0.0.1:60943,suspend=y,server=n -XX:TieredStopAtLevel=1 -Xverify:none -Dspring.output.ansi.enabled=always -Dcom.sun.management.jmxremote -Dspring.jmx.enabled=true -Dspring.liveBeansView.mbeanDomain -Dspring.application.admin.enabled=true -javaagent:C:\Users\Xu1Aan\AppData\Local\JetBrains\IntelliJIdea2021.3\captureAgent\debugger-agent.jar -Dfile.encoding=UTF-8 
java_command: com.study.douyin.basic.DouyinBasicApplication
java_class_path (initial): C:\Program Files\Java\jdk1.8.0_40\jre\lib\charsets.jar;C:\Program Files\Java\jdk1.8.0_40\jre\lib\deploy.jar;C:\Program Files\Java\jdk1.8.0_40\jre\lib\ext\access-bridge-64.jar;C:\Program Files\Java\jdk1.8.0_40\jre\lib\ext\cldrdata.jar;C:\Program Files\Java\jdk1.8.0_40\jre\lib\ext\dnsns.jar;C:\Program Files\Java\jdk1.8.0_40\jre\lib\ext\jaccess.jar;C:\Program Files\Java\jdk1.8.0_40\jre\lib\ext\jfxrt.jar;C:\Program Files\Java\jdk1.8.0_40\jre\lib\ext\localedata.jar;C:\Program Files\Java\jdk1.8.0_40\jre\lib\ext\nashorn.jar;C:\Program Files\Java\jdk1.8.0_40\jre\lib\ext\sunec.jar;C:\Program Files\Java\jdk1.8.0_40\jre\lib\ext\sunjce_provider.jar;C:\Program Files\Java\jdk1.8.0_40\jre\lib\ext\sunmscapi.jar;C:\Program Files\Java\jdk1.8.0_40\jre\lib\ext\sunpkcs11.jar;C:\Program Files\Java\jdk1.8.0_40\jre\lib\ext\zipfs.jar;C:\Program Files\Java\jdk1.8.0_40\jre\lib\javaws.jar;C:\Program Files\Java\jdk1.8.0_40\jre\lib\jce.jar;C:\Program Files\Java\jdk1.8.0_40\jre\lib\jfr.jar;C:\Program Files\Java\jdk1.8.0_40\jre\lib\jfxswt.jar;C:\Program Files\Java\jdk1.8.0_40\jre\lib\jsse.jar;C:\Program Files\Java\jdk1.8.0_40\jre\lib\management-agent.jar;C:\Program Files\Java\jdk1.8.0_40\jre\lib\plugin.jar;C:\Program Files\Java\jdk1.8.0_40\jre\lib\resources.jar;C:\Program Files\Java\jdk1.8.0_40\jre\lib\rt.jar;E:\项目\字节跳动青训营\23_douyin\douyin\douyin-basic\target\classes;D:\repository\org\springframework\boot\spring-boot-starter-web\2.1.8.RELEASE\spring-boot-starter-web-2.1.8.RELEASE.jar;D:\repository\org\springframework\boot\spring-boot-starter\2.1.8.RELEASE\spring-boot-starter-2.1.8.RELEASE.jar;D:\repository\org\springframework\boot\spring-boot\2.1.8.RELEASE\spring-boot-2.1.8.RELEASE.jar;D:\repository\org\springframework\boot\spring-boot-starter-logging\2.1.8.RELEASE\spring-boot-starter-logging-2.1.8.RELEASE.jar;D:\repository\ch\qos\logback\logback-classic\1.2.3\logback-classic-1.2.3.jar;D:\repository\ch\qos\logback\logback-core\1.2.3\logback-core-1.2.3.jar;D:\r
Launcher Type: SUN_STANDARD

Environment Variables:
JAVA_HOME=C:\Program Files\Java\jdk1.8.0_40
PATH=D:\application\VMware\bin\;C:\ProgramData\Oracle\Java\javapath;C:\Program Files\NVIDIA GPU Computing Toolkit\CUDA\v11.5\bin;C:\Program Files\NVIDIA GPU Computing Toolkit\CUDA\v11.5\libnvvp;D:\application\Anaconda;D:\application\Anaconda\Library\mingw-w64\bin;D:\application\Anaconda\Library\usr\bin;D:\application\Anaconda\Library\bin;D:\application\Anaconda\Scripts;C:\Windows\system32;C:\Windows;C:\Windows\System32\Wbem;C:\Windows\System32\WindowsPowerShell\v1.0\;C:\Windows\System32\OpenSSH\;C:\Program Files (x86)\NVIDIA Corporation\PhysX\Common;C:\Program Files\NVIDIA Corporation\NVIDIA NvDLISR;C:\Program Files\NVIDIA Corporation\Nsight Compute 2021.3.1\;C:\Program Files\NVIDIA GPU Computing Toolkit\CUDA\v11.5\include;C:\Program Files\NVIDIA GPU Computing Toolkit\CUDA\v11.5\lib;C:\Program Files\NVIDIA GPU Computing Toolkit\CUDA\v11.5\libnvvp;D:\application\mysql\mysql-8.0.28-winx64\bin;D:\application\git\Git\cmd;D:\application\Xftp\;D:\application\Xshell\;C:\Program Files\NVIDIA GPU Computing Toolkit\CUDA\v11.5\lib\x64;%CUDA_BIN_PAHT%;%CUDA_SDK_BIN_PAHT%;C:\ProgramData\NVIDIA Corporation\CUDA Samples\v11.5\common\lib\x64;D:\environment\bigdata\hadoop-3.1.0\bin;D:\application\nodejs\;D:\environment\node\node_global;C:\Users\Xu1Aan\.windows-build-tools\python27;D:\application\texlive\2022\bin\win32;C:\Program Files\Java\jdk1.8.0_40\jre\bin;C:\Program Files\Java\jdk1.8.0_40\bin;D:\environment\scala-2.12.11\bin;C:\Users\Xu1Aan\AppData\Local\Microsoft\WindowsApps;;D:\application\vscode\Microsoft VS Code\bin;C:\Users\Xu1Aan\AppData\Roaming\npm;D:\application\webstrom\WebStorm 2022.1.3\bin;
USERNAME=Xu1Aan
OS=Windows_NT
PROCESSOR_IDENTIFIER=AMD64 Family 25 Model 80 Stepping 0, AuthenticAMD



---------------  S Y S T E M  ---------------

OS: Windows 10.0 , 64 bit Build 22000 (10.0.22000.1516)

CPU:total 16 (16 cores per cpu, 1 threads per core) family 25 model 80 stepping 0, cmov, cx8, fxsr, mmx, sse, sse2, sse3, ssse3, sse4.1, sse4.2, popcnt, avx, avx2, aes, clmul, erms, mmxext, 3dnowpref, lzcnt, sse4a, tsc, tscinvbit, tscinv, bmi1

Memory: 4k page, physical 16625724k(809832k free), swap 42234320k(1096364k free)

vm_info: Java HotSpot(TM) 64-Bit Server VM (25.40-b25) for windows-amd64 JRE (1.8.0_40-b25), built on Feb 10 2015 21:53:57 by "java_re" with MS VC++ 10.0 (VS2010)

time: Sat Mar 11 15:27:54 2023
elapsed time: 57 seconds (0d 0h 0m 57s)

